#
# There is insufficient memory for the Java Runtime Environment to continue.
# Native memory allocation (malloc) failed to allocate 32744 bytes for ChunkPool::allocate
# Possible reasons:
#   The system is out of physical RAM or swap space
#   The process is running with CompressedOops enabled, and the Java Heap may be blocking the growth of the native heap
# Possible solutions:
#   Reduce memory load on the system
#   Increase physical memory or swap space
#   Check if swap backing store is full
#   Decrease Java heap size (-Xmx/-Xms)
#   Decrease number of Java threads
#   Decrease Java thread stack sizes (-Xss)
#   Set larger code cache with -XX:ReservedCodeCacheSize=
#   JVM is running with Unscaled Compressed Oops mode in which the Java heap is
#     placed in the first 4GB address space. The Java Heap base address is the
#     maximum limit for the native heap growth. Please use -XX:HeapBaseMinAddress
#     to set the Java Heap base and to place the Java Heap above 4GB virtual address.
# This output file may be truncated or incomplete.
#
#  Out of Memory Error (allocation.cpp:272), pid=8912, tid=0x0000000000002e94
#
# JRE version: Java(TM) SE Runtime Environment (8.0_251-b08) (build 1.8.0_251-b08)
# Java VM: Java HotSpot(TM) 64-Bit Server VM (25.251-b08 mixed mode windows-amd64 compressed oops)
# Failed to write core dump. Minidumps are not enabled by default on client versions of Windows
#

---------------  T H R E A D  ---------------

Current thread (0x0000000017614000):  JavaThread "C2 CompilerThread0" daemon [_thread_in_native, id=11924, stack(0x0000000019030000,0x0000000019130000)]

Stack: [0x0000000019030000,0x0000000019130000]
[error occurred during error reporting (printing stack bounds), id 0xc0000005]

Native frames: (J=compiled Java code, j=interpreted, Vv=VM code, C=native code)


Current CompileTask:
C2:  12955 2209       4       java.net.URLClassLoader$1::run (5 bytes)


---------------  P R O C E S S  ---------------

Java Threads: ( => current thread )
  0x0000000018a20000 JavaThread "Service Thread" daemon [_thread_blocked, id=11188, stack(0x0000000019330000,0x0000000019430000)]
  0x000000001762e000 JavaThread "C1 CompilerThread2" daemon [_thread_blocked, id=8220, stack(0x0000000019230000,0x0000000019330000)]
  0x0000000017618800 JavaThread "C2 CompilerThread1" daemon [_thread_blocked, id=11516, stack(0x0000000019130000,0x0000000019230000)]
=>0x0000000017614000 JavaThread "C2 CompilerThread0" daemon [_thread_in_native, id=11924, stack(0x0000000019030000,0x0000000019130000)]
  0x0000000017611000 JavaThread "Monitor Ctrl-Break" daemon [_thread_in_native, id=11776, stack(0x0000000018f30000,0x0000000019030000)]
  0x00000000175fc000 JavaThread "Attach Listener" daemon [_thread_blocked, id=10628, stack(0x0000000018e30000,0x0000000018f30000)]
  0x00000000175f9000 JavaThread "Signal Dispatcher" daemon [_thread_blocked, id=1324, stack(0x0000000018d30000,0x0000000018e30000)]
  0x0000000002b19000 JavaThread "Finalizer" daemon [_thread_blocked, id=11608, stack(0x0000000018830000,0x0000000018930000)]
  0x0000000002b16000 JavaThread "Reference Handler" daemon [_thread_blocked, id=8836, stack(0x0000000018730000,0x0000000018830000)]
  0x0000000002a25800 JavaThread "main" [_thread_in_native, id=11324, stack(0x00000000023b0000,0x00000000024b0000)]

Other Threads:
  0x0000000017597800 VMThread [stack: 0x0000000018630000,0x0000000018730000] [id=11080]
  0x0000000018a25800 WatcherThread [stack: 0x0000000019430000,0x0000000019530000] [id=5584]

VM state:not at safepoint (normal execution)

VM Mutex/Monitor currently owned by a thread: None

heap address: 0x0000000082600000, size: 2010 MB, Compressed Oops mode: 32-bit
Narrow klass base: 0x0000000000000000, Narrow klass shift: 3
Compressed class space size: 1073741824 Address: 0x0000000100000000

Heap:
 PSYoungGen      total 70656K, used 65359K [0x00000000d6200000, 0x00000000dac00000, 0x0000000100000000)
  eden space 65536K, 99% used [0x00000000d6200000,0x00000000da1d3df0,0x00000000da200000)
  from space 5120K, 0% used [0x00000000da700000,0x00000000da700000,0x00000000dac00000)
  to   space 5120K, 0% used [0x00000000da200000,0x00000000da200000,0x00000000da700000)
 ParOldGen       total 56320K, used 7145K [0x0000000082600000, 0x0000000085d00000, 0x00000000d6200000)
  object space 56320K, 12% used [0x0000000082600000,0x0000000082cfa4d8,0x0000000085d00000)
 Metaspace       used 24745K, capacity 26610K, committed 26752K, reserved 1073152K
  class space    used 3265K, capacity 3645K, committed 3712K, reserved 1048576K

Card table byte_map: [0x0000000011ee0000,0x00000000122d0000] byte_map_base: 0x0000000011acd000

Marking Bits: (ParMarkBitMap*) 0x000000005ca8af90
 Begin Bits: [0x0000000012970000, 0x00000000148d8000)
 End Bits:   [0x00000000148d8000, 0x0000000016840000)

Polling page: 0x0000000000b70000

CodeCache: size=245760Kb used=7857Kb max_used=7857Kb free=237902Kb
 bounds [0x0000000002b20000, 0x00000000032d0000, 0x0000000011b20000]
 total_blobs=2734 nmethods=2365 adapters=281
 compilation: enabled

Compilation events (10 events):
Event: 12.484 Thread 0x000000001762e000 2365       3       org.springframework.core.annotation.AnnotationsScanner::process (43 bytes)
Event: 12.484 Thread 0x000000001762e000 nmethod 2365 0x00000000032cab10 code [0x00000000032cacc0, 0x00000000032cb2c8]
Event: 12.505 Thread 0x000000001762e000 2366       1       org.springframework.core.type.StandardAnnotationMetadata::getAnnotations (5 bytes)
Event: 12.505 Thread 0x000000001762e000 nmethod 2366 0x00000000032ca850 code [0x00000000032ca9a0, 0x00000000032caab0]
Event: 12.505 Thread 0x000000001762e000 2367       1       org.springframework.core.annotation.AnnotationsProcessor::doWithAggregate (2 bytes)
Event: 12.505 Thread 0x000000001762e000 nmethod 2367 0x00000000032ca590 code [0x00000000032ca6e0, 0x00000000032ca7f0]
Event: 12.510 Thread 0x000000001762e000 2368       3       org.springframework.beans.factory.support.DefaultListableBeanFactory::getBeanDefinition (78 bytes)
Event: 12.512 Thread 0x000000001762e000 nmethod 2368 0x00000000032cc1d0 code [0x00000000032cc440, 0x00000000032cd3f8]
Event: 12.518 Thread 0x000000001762e000 2369       3       sun.reflect.annotation.AnnotationInvocationHandler::cloneArray (170 bytes)
Event: 12.523 Thread 0x000000001762e000 nmethod 2369 0x00000000032cdad0 code [0x00000000032cdd60, 0x00000000032cf0c8]

GC Heap History (10 events):
Event: 3.888 GC heap before
{Heap before GC invocations=1 (full 0):
 PSYoungGen      total 37888K, used 32768K [0x00000000d6200000, 0x00000000d8c00000, 0x0000000100000000)
  eden space 32768K, 100% used [0x00000000d6200000,0x00000000d8200000,0x00000000d8200000)
  from space 5120K, 0% used [0x00000000d8700000,0x00000000d8700000,0x00000000d8c00000)
  to   space 5120K, 0% used [0x00000000d8200000,0x00000000d8200000,0x00000000d8700000)
 ParOldGen       total 86016K, used 0K [0x0000000082600000, 0x0000000087a00000, 0x00000000d6200000)
  object space 86016K, 0% used [0x0000000082600000,0x0000000082600000,0x0000000087a00000)
 Metaspace       used 9830K, capacity 10684K, committed 11008K, reserved 1058816K
  class space    used 1244K, capacity 1442K, committed 1536K, reserved 1048576K
Event: 3.911 GC heap after
Heap after GC invocations=1 (full 0):
 PSYoungGen      total 37888K, used 4848K [0x00000000d6200000, 0x00000000d8c00000, 0x0000000100000000)
  eden space 32768K, 0% used [0x00000000d6200000,0x00000000d6200000,0x00000000d8200000)
  from space 5120K, 94% used [0x00000000d8200000,0x00000000d86bc350,0x00000000d8700000)
  to   space 5120K, 0% used [0x00000000d8700000,0x00000000d8700000,0x00000000d8c00000)
 ParOldGen       total 86016K, used 16K [0x0000000082600000, 0x0000000087a00000, 0x00000000d6200000)
  object space 86016K, 0% used [0x0000000082600000,0x0000000082604000,0x0000000087a00000)
 Metaspace       used 9830K, capacity 10684K, committed 11008K, reserved 1058816K
  class space    used 1244K, capacity 1442K, committed 1536K, reserved 1048576K
}
Event: 5.738 GC heap before
{Heap before GC invocations=2 (full 0):
 PSYoungGen      total 37888K, used 37616K [0x00000000d6200000, 0x00000000d8c00000, 0x0000000100000000)
  eden space 32768K, 100% used [0x00000000d6200000,0x00000000d8200000,0x00000000d8200000)
  from space 5120K, 94% used [0x00000000d8200000,0x00000000d86bc350,0x00000000d8700000)
  to   space 5120K, 0% used [0x00000000d8700000,0x00000000d8700000,0x00000000d8c00000)
 ParOldGen       total 86016K, used 16K [0x0000000082600000, 0x0000000087a00000, 0x00000000d6200000)
  object space 86016K, 0% used [0x0000000082600000,0x0000000082604000,0x0000000087a00000)
 Metaspace       used 13647K, capacity 14768K, committed 15104K, reserved 1062912K
  class space    used 1724K, capacity 1942K, committed 2048K, reserved 1048576K
Event: 5.789 GC heap after
Heap after GC invocations=2 (full 0):
 PSYoungGen      total 37888K, used 5089K [0x00000000d6200000, 0x00000000dac00000, 0x0000000100000000)
  eden space 32768K, 0% used [0x00000000d6200000,0x00000000d6200000,0x00000000d8200000)
  from space 5120K, 99% used [0x00000000d8700000,0x00000000d8bf8408,0x00000000d8c00000)
  to   space 5120K, 0% used [0x00000000d8200000,0x00000000d8200000,0x00000000d8700000)
 ParOldGen       total 86016K, used 727K [0x0000000082600000, 0x0000000087a00000, 0x00000000d6200000)
  object space 86016K, 0% used [0x0000000082600000,0x00000000826b5df0,0x0000000087a00000)
 Metaspace       used 13647K, capacity 14768K, committed 15104K, reserved 1062912K
  class space    used 1724K, capacity 1942K, committed 2048K, reserved 1048576K
}
Event: 8.127 GC heap before
{Heap before GC invocations=3 (full 0):
 PSYoungGen      total 37888K, used 37857K [0x00000000d6200000, 0x00000000dac00000, 0x0000000100000000)
  eden space 32768K, 100% used [0x00000000d6200000,0x00000000d8200000,0x00000000d8200000)
  from space 5120K, 99% used [0x00000000d8700000,0x00000000d8bf8408,0x00000000d8c00000)
  to   space 5120K, 0% used [0x00000000d8200000,0x00000000d8200000,0x00000000d8700000)
 ParOldGen       total 86016K, used 731K [0x0000000082600000, 0x0000000087a00000, 0x00000000d6200000)
  object space 86016K, 0% used [0x0000000082600000,0x00000000826b6fe8,0x0000000087a00000)
 Metaspace       used 17005K, capacity 18468K, committed 18688K, reserved 1064960K
  class space    used 2244K, capacity 2528K, committed 2560K, reserved 1048576K
Event: 8.151 GC heap after
Heap after GC invocations=3 (full 0):
 PSYoungGen      total 37888K, used 5100K [0x00000000d6200000, 0x00000000dac00000, 0x0000000100000000)
  eden space 32768K, 0% used [0x00000000d6200000,0x00000000d6200000,0x00000000d8200000)
  from space 5120K, 99% used [0x00000000d8200000,0x00000000d86fb2b8,0x00000000d8700000)
  to   space 5120K, 0% used [0x00000000da700000,0x00000000da700000,0x00000000dac00000)
 ParOldGen       total 86016K, used 2801K [0x0000000082600000, 0x0000000087a00000, 0x00000000d6200000)
  object space 86016K, 3% used [0x0000000082600000,0x00000000828bc5a0,0x0000000087a00000)
 Metaspace       used 17005K, capacity 18468K, committed 18688K, reserved 1064960K
  class space    used 2244K, capacity 2528K, committed 2560K, reserved 1048576K
}
Event: 8.816 GC heap before
{Heap before GC invocations=4 (full 0):
 PSYoungGen      total 37888K, used 25437K [0x00000000d6200000, 0x00000000dac00000, 0x0000000100000000)
  eden space 32768K, 62% used [0x00000000d6200000,0x00000000d75dc350,0x00000000d8200000)
  from space 5120K, 99% used [0x00000000d8200000,0x00000000d86fb2b8,0x00000000d8700000)
  to   space 5120K, 0% used [0x00000000da700000,0x00000000da700000,0x00000000dac00000)
 ParOldGen       total 86016K, used 2801K [0x0000000082600000, 0x0000000087a00000, 0x00000000d6200000)
  object space 86016K, 3% used [0x0000000082600000,0x00000000828bc5a0,0x0000000087a00000)
 Metaspace       used 19665K, capacity 21150K, committed 21296K, reserved 1067008K
  class space    used 2550K, capacity 2821K, committed 2944K, reserved 1048576K
Event: 8.895 GC heap after
Heap after GC invocations=4 (full 0):
 PSYoungGen      total 70656K, used 5104K [0x00000000d6200000, 0x00000000dac00000, 0x0000000100000000)
  eden space 65536K, 0% used [0x00000000d6200000,0x00000000d6200000,0x00000000da200000)
  from space 5120K, 99% used [0x00000000da700000,0x00000000dabfc380,0x00000000dac00000)
  to   space 5120K, 0% used [0x00000000da200000,0x00000000da200000,0x00000000da700000)
 ParOldGen       total 86016K, used 4992K [0x0000000082600000, 0x0000000087a00000, 0x00000000d6200000)
  object space 86016K, 5% used [0x0000000082600000,0x0000000082ae0260,0x0000000087a00000)
 Metaspace       used 19665K, capacity 21150K, committed 21296K, reserved 1067008K
  class space    used 2550K, capacity 2821K, committed 2944K, reserved 1048576K
}
Event: 8.896 GC heap before
{Heap before GC invocations=5 (full 1):
 PSYoungGen      total 70656K, used 5104K [0x00000000d6200000, 0x00000000dac00000, 0x0000000100000000)
  eden space 65536K, 0% used [0x00000000d6200000,0x00000000d6200000,0x00000000da200000)
  from space 5120K, 99% used [0x00000000da700000,0x00000000dabfc380,0x00000000dac00000)
  to   space 5120K, 0% used [0x00000000da200000,0x00000000da200000,0x00000000da700000)
 ParOldGen       total 86016K, used 4992K [0x0000000082600000, 0x0000000087a00000, 0x00000000d6200000)
  object space 86016K, 5% used [0x0000000082600000,0x0000000082ae0260,0x0000000087a00000)
 Metaspace       used 19665K, capacity 21150K, committed 21296K, reserved 1067008K
  class space    used 2550K, capacity 2821K, committed 2944K, reserved 1048576K
Event: 9.118 GC heap after
Heap after GC invocations=5 (full 1):
 PSYoungGen      total 70656K, used 0K [0x00000000d6200000, 0x00000000dac00000, 0x0000000100000000)
  eden space 65536K, 0% used [0x00000000d6200000,0x00000000d6200000,0x00000000da200000)
  from space 5120K, 0% used [0x00000000da700000,0x00000000da700000,0x00000000dac00000)
  to   space 5120K, 0% used [0x00000000da200000,0x00000000da200000,0x00000000da700000)
 ParOldGen       total 56320K, used 7145K [0x0000000082600000, 0x0000000085d00000, 0x00000000d6200000)
  object space 56320K, 12% used [0x0000000082600000,0x0000000082cfa4d8,0x0000000085d00000)
 Metaspace       used 19665K, capacity 21150K, committed 21296K, reserved 1067008K
  class space    used 2550K, capacity 2821K, committed 2944K, reserved 1048576K
}

Deoptimization events (10 events):
Event: 10.266 Thread 0x000000001a520000 Uncommon trap: reason=unstable_if action=reinterpret pc=0x0000000002de9e64 method=jdk.internal.org.objectweb.asm.Type.getArgumentsAndReturnSizes(Ljava/lang/String;)I @ 47
Event: 10.498 Thread 0x0000000002a25800 Uncommon trap: reason=bimorphic action=maybe_recompile pc=0x0000000002ef6a18 method=java.util.HashMap.putVal(ILjava/lang/Object;Ljava/lang/Object;ZZ)Ljava/lang/Object; @ 203
Event: 10.994 Thread 0x0000000002a25800 Uncommon trap: reason=bimorphic action=maybe_recompile pc=0x0000000002ef6a18 method=java.util.HashMap.putVal(ILjava/lang/Object;Ljava/lang/Object;ZZ)Ljava/lang/Object; @ 203
Event: 11.104 Thread 0x0000000002a25800 Uncommon trap: reason=unstable_if action=reinterpret pc=0x0000000003071094 method=org.springframework.boot.context.properties.source.ConfigurationPropertyName$ElementsParser.add(IILorg/springframework/boot/context/properties/source/ConfigurationPropertyNa
Event: 11.191 Thread 0x0000000002a25800 Uncommon trap: reason=predicate action=maybe_recompile pc=0x00000000031a0b4c method=java.util.AbstractCollection.toArray([Ljava/lang/Object;)[Ljava/lang/Object; @ 49
Event: 11.307 Thread 0x0000000002a25800 Uncommon trap: reason=array_check action=maybe_recompile pc=0x00000000031be440 method=java.util.AbstractCollection.toArray([Ljava/lang/Object;)[Ljava/lang/Object; @ 119
Event: 11.309 Thread 0x0000000002a25800 Uncommon trap: reason=array_check action=maybe_recompile pc=0x00000000031be440 method=java.util.AbstractCollection.toArray([Ljava/lang/Object;)[Ljava/lang/Object; @ 119
Event: 11.309 Thread 0x0000000002a25800 Uncommon trap: reason=array_check action=maybe_recompile pc=0x00000000031be440 method=java.util.AbstractCollection.toArray([Ljava/lang/Object;)[Ljava/lang/Object; @ 119
Event: 11.313 Thread 0x0000000002a25800 Uncommon trap: reason=array_check action=maybe_recompile pc=0x00000000031be440 method=java.util.AbstractCollection.toArray([Ljava/lang/Object;)[Ljava/lang/Object; @ 119
Event: 11.931 Thread 0x0000000002a25800 Uncommon trap: reason=unstable_if action=reinterpret pc=0x00000000030871f8 method=java.util.Arrays.equals([Ljava/lang/Object;[Ljava/lang/Object;)Z @ 65

Classes redefined (0 events):
No events

Internal exceptions (10 events):
Event: 9.400 Thread 0x0000000002a25800 Exception <a 'java/lang/ClassNotFoundException': org/springframework/context/ApplicationStartupAwareCustomizer> (0x00000000d6849d60) thrown at [C:\jenkins\workspace\8-2-build-windows-amd64-cygwin\jdk8u251\737\hotspot\src\share\vm\classfile\systemDictionar
Event: 9.401 Thread 0x0000000002a25800 Exception <a 'java/lang/ClassNotFoundException': org/springframework/beans/factory/AwareCustomizer> (0x00000000d685e858) thrown at [C:\jenkins\workspace\8-2-build-windows-amd64-cygwin\jdk8u251\737\hotspot\src\share\vm\classfile\systemDictionary.cpp, line 
Event: 9.404 Thread 0x0000000002a25800 Exception <a 'java/lang/ClassNotFoundException': org/springframework/beans/factory/BeanClassLoaderAwareCustomizer> (0x00000000d68757e8) thrown at [C:\jenkins\workspace\8-2-build-windows-amd64-cygwin\jdk8u251\737\hotspot\src\share\vm\classfile\systemDictio
Event: 9.406 Thread 0x0000000002a25800 Exception <a 'java/lang/ClassNotFoundException': org/springframework/beans/factory/AwareCustomizer> (0x00000000d6889e70) thrown at [C:\jenkins\workspace\8-2-build-windows-amd64-cygwin\jdk8u251\737\hotspot\src\share\vm\classfile\systemDictionary.cpp, line 
Event: 9.408 Thread 0x0000000002a25800 Exception <a 'java/lang/ClassNotFoundException': org/springframework/context/EnvironmentAwareCustomizer> (0x00000000d689e6c8) thrown at [C:\jenkins\workspace\8-2-build-windows-amd64-cygwin\jdk8u251\737\hotspot\src\share\vm\classfile\systemDictionary.cpp, 
Event: 9.409 Thread 0x0000000002a25800 Exception <a 'java/lang/ClassNotFoundException': org/springframework/beans/factory/AwareCustomizer> (0x00000000d68b2c30) thrown at [C:\jenkins\workspace\8-2-build-windows-amd64-cygwin\jdk8u251\737\hotspot\src\share\vm\classfile\systemDictionary.cpp, line 
Event: 10.122 Thread 0x0000000002a25800 Exception <a 'java/lang/IncompatibleClassChangeError': Found class java.lang.Object, but interface was expected> (0x00000000d7ce2008) thrown at [C:\jenkins\workspace\8-2-build-windows-amd64-cygwin\jdk8u251\737\hotspot\src\share\vm\interpreter\linkResolver
Event: 10.322 Thread 0x000000001a520000 Exception <a 'java/lang/IncompatibleClassChangeError': Found class java.lang.Object, but interface was expected> (0x00000000d80273f8) thrown at [C:\jenkins\workspace\8-2-build-windows-amd64-cygwin\jdk8u251\737\hotspot\src\share\vm\interpreter\linkResolver
Event: 10.364 Thread 0x0000000002a25800 Exception <a 'java/lang/NoSuchMethodError': java.lang.Object.lambda$getAllAnnotationAttributes$0(Lorg/springframework/util/MultiValueMap;)Lorg/springframework/util/MultiValueMap;> (0x00000000d80ae630) thrown at [C:\jenkins\workspace\8-2-build-windows-amd6
Event: 10.365 Thread 0x0000000002a25800 Exception <a 'java/lang/NoSuchMethodError': java.lang.Object.lambda$identity$2(Ljava/lang/Object;)Ljava/lang/Object;> (0x00000000d80b2328) thrown at [C:\jenkins\workspace\8-2-build-windows-amd64-cygwin\jdk8u251\737\hotspot\src\share\vm\interpreter\linkRes

Events (10 events):
Event: 12.897 loading class org/springframework/cglib/core/internal/LoadingCache$1
Event: 12.897 loading class org/springframework/cglib/core/internal/LoadingCache$1 done
Event: 12.898 loading class java/util/concurrent/FutureTask
Event: 12.898 loading class java/util/concurrent/RunnableFuture
Event: 12.898 loading class java/util/concurrent/RunnableFuture done
Event: 12.899 loading class java/util/concurrent/FutureTask done
Event: 12.899 loading class java/util/concurrent/FutureTask$WaitNode
Event: 12.899 loading class java/util/concurrent/FutureTask$WaitNode done
Event: 12.899 loading class org/springframework/cglib/core/internal/LoadingCache$2
Event: 12.899 loading class org/springframework/cglib/core/internal/LoadingCache$2 done


Dynamic libraries:
0x00007ff635ab0000 - 0x00007ff635ae7000 	D:\java\1.8\bin\java.exe
0x00007ffaad4f0000 - 0x00007ffaad6dd000 	C:\Windows\SYSTEM32\ntdll.dll
0x00007ffaaace0000 - 0x00007ffaaad93000 	C:\Windows\System32\KERNEL32.DLL
0x00007ffaa9bb0000 - 0x00007ffaa9e43000 	C:\Windows\System32\KERNELBASE.dll
0x00007ffaac7a0000 - 0x00007ffaac843000 	C:\Windows\System32\ADVAPI32.dll
0x00007ffaac290000 - 0x00007ffaac32e000 	C:\Windows\System32\msvcrt.dll
0x00007ffaacf90000 - 0x00007ffaad02e000 	C:\Windows\System32\sechost.dll
0x00007ffaaaa90000 - 0x00007ffaaabb2000 	C:\Windows\System32\RPCRT4.dll
0x00007ffaaa790000 - 0x00007ffaaa927000 	C:\Windows\System32\USER32.dll
0x00007ffaa9b90000 - 0x00007ffaa9bb0000 	C:\Windows\System32\win32u.dll
0x00007ffaacde0000 - 0x00007ffaace09000 	C:\Windows\System32\GDI32.dll
0x00007ffaa9930000 - 0x00007ffaa9aca000 	C:\Windows\System32\gdi32full.dll
0x00007ffaa9af0000 - 0x00007ffaa9b90000 	C:\Windows\System32\msvcp_win.dll
0x00007ffaa9620000 - 0x00007ffaa971a000 	C:\Windows\System32\ucrtbase.dll
0x00007ffa95ec0000 - 0x00007ffa96139000 	C:\Windows\WinSxS\amd64_microsoft.windows.common-controls_6595b64144ccf1df_6.0.17763.348_none_05b73c0a071d7a57\COMCTL32.dll
0x00007ffaac870000 - 0x00007ffaacb9d000 	C:\Windows\System32\combase.dll
0x00007ffaa9e50000 - 0x00007ffaa9ece000 	C:\Windows\System32\bcryptPrimitives.dll
0x00007ffaacba0000 - 0x00007ffaacbce000 	C:\Windows\System32\IMM32.DLL
0x000000005e090000 - 0x000000005e162000 	D:\java\1.8\jre\bin\msvcr100.dll
0x000000005c260000 - 0x000000005cb0b000 	D:\java\1.8\jre\bin\server\jvm.dll
0x00007ffaaa780000 - 0x00007ffaaa788000 	C:\Windows\System32\PSAPI.DLL
0x00007ffa8d580000 - 0x00007ffa8d589000 	C:\Windows\SYSTEM32\WSOCK32.dll
0x00007ffaac520000 - 0x00007ffaac58d000 	C:\Windows\System32\WS2_32.dll
0x00007ffaa1000000 - 0x00007ffaa1024000 	C:\Windows\SYSTEM32\WINMM.dll
0x00007ffaa9100000 - 0x00007ffaa910a000 	C:\Windows\SYSTEM32\VERSION.dll
0x00007ffaa0fd0000 - 0x00007ffaa0ffd000 	C:\Windows\SYSTEM32\winmmbase.dll
0x00007ffaaa6d0000 - 0x00007ffaaa71a000 	C:\Windows\System32\cfgmgr32.dll
0x00007ffa9b9b0000 - 0x00007ffa9b9bf000 	D:\java\1.8\jre\bin\verify.dll
0x00007ffa928d0000 - 0x00007ffa928f9000 	D:\java\1.8\jre\bin\java.dll
0x00007ffa91db0000 - 0x00007ffa91dd3000 	D:\java\1.8\jre\bin\instrument.dll
0x00007ffa92820000 - 0x00007ffa92836000 	D:\java\1.8\jre\bin\zip.dll
0x00007ffaaada0000 - 0x00007ffaac290000 	C:\Windows\System32\SHELL32.dll
0x00007ffaacee0000 - 0x00007ffaacf88000 	C:\Windows\System32\shcore.dll
0x00007ffaa9ed0000 - 0x00007ffaaa61a000 	C:\Windows\System32\windows.storage.dll
0x00007ffaa9550000 - 0x00007ffaa9574000 	C:\Windows\System32\profapi.dll
0x00007ffaa94f0000 - 0x00007ffaa954d000 	C:\Windows\System32\powrprof.dll
0x00007ffaacd80000 - 0x00007ffaacdd2000 	C:\Windows\System32\shlwapi.dll
0x00007ffaa9580000 - 0x00007ffaa9591000 	C:\Windows\System32\kernel.appcore.dll
0x00007ffaa9ad0000 - 0x00007ffaa9ae7000 	C:\Windows\System32\cryptsp.dll
0x00007ffa96550000 - 0x00007ffa9656a000 	D:\Program Files\IntelliJ IDEA 2018.3.2\bin\breakgen64.dll
0x00007ffa90e20000 - 0x00007ffa90e3a000 	D:\java\1.8\jre\bin\net.dll
0x00007ffaa8d00000 - 0x00007ffaa8d67000 	C:\Windows\system32\mswsock.dll
0x00007ffa8d5d0000 - 0x00007ffa8d5e2000 	D:\java\1.8\jre\bin\nio.dll
0x00007ffaa05f0000 - 0x00007ffaa05fd000 	D:\java\1.8\jre\bin\management.dll
0x00007ffa826f0000 - 0x00007ffa82723000 	C:\Program Files (x86)\Sangfor\SSL\ClientComponent10\SangforNspX64.dll
0x00007ffaaa930000 - 0x00007ffaaaa85000 	C:\Windows\System32\ole32.dll
0x00007ffaace10000 - 0x00007ffaacedb000 	C:\Windows\System32\OLEAUT32.dll
0x00007ffa99d00000 - 0x00007ffa99d16000 	C:\Windows\system32\napinsp.dll
0x00007ffa99ce0000 - 0x00007ffa99cfa000 	C:\Windows\system32\pnrpnsp.dll
0x00007ffaa8aa0000 - 0x00007ffaa8b66000 	C:\Windows\SYSTEM32\DNSAPI.dll
0x00007ffaad030000 - 0x00007ffaad038000 	C:\Windows\System32\NSI.dll
0x00007ffaa8a60000 - 0x00007ffaa8a9d000 	C:\Windows\SYSTEM32\IPHLPAPI.DLL
0x00007ffaa0d40000 - 0x00007ffaa0d4e000 	C:\Windows\System32\winrnr.dll
0x00007ffaa0510000 - 0x00007ffaa052b000 	C:\Windows\system32\NLAapi.dll
0x00007ffa813f0000 - 0x00007ffa81405000 	C:\Windows\system32\wshbth.dll
0x00007ffa89100000 - 0x00007ffa8927a000 	C:\Program Files (x86)\Sangfor\SSL\ClientComponent\1_SangforTcpX64.dll
0x00007ffaa95c0000 - 0x00007ffaa9619000 	C:\Windows\System32\WINTRUST.dll
0x00007ffaa95a0000 - 0x00007ffaa95b2000 	C:\Windows\System32\MSASN1.dll
0x00007ffaa9720000 - 0x00007ffaa98fb000 	C:\Windows\System32\CRYPT32.dll
0x00007ffa94760000 - 0x00007ffa947d9000 	C:\Windows\System32\fwpuclnt.dll
0x00007ffaa9900000 - 0x00007ffaa9926000 	C:\Windows\System32\bcrypt.dll

VM Arguments:
jvm_args: -ea -Didea.test.cyclic.buffer.size=1048576 -javaagent:D:\Program Files\IntelliJ IDEA 2018.3.2\lib\idea_rt.jar=58583:D:\Program Files\IntelliJ IDEA 2018.3.2\bin -Dfile.encoding=UTF-8 
java_command: com.intellij.rt.execution.junit.JUnitStarter -ideVersion5 -junit5 com.ringo.springboot_log.SpringbootLogApplicationTests,contextLoads
java_class_path (initial): D:\Program Files\IntelliJ IDEA 2018.3.2\lib\idea_rt.jar;D:\Program Files\IntelliJ IDEA 2018.3.2\plugins\junit\lib\junit-rt.jar;D:\Program Files\IntelliJ IDEA 2018.3.2\plugins\junit\lib\junit5-rt.jar;D:\maven-repository\org\junit\platform\junit-platform-launcher\1.7.2\junit-platform-launcher-1.7.2.jar;D:\maven-repository\org\apiguardian\apiguardian-api\1.1.0\apiguardian-api-1.1.0.jar;D:\maven-repository\org\junit\platform\junit-platform-engine\1.7.2\junit-platform-engine-1.7.2.jar;D:\maven-repository\org\opentest4j\opentest4j\1.2.0\opentest4j-1.2.0.jar;D:\maven-repository\org\junit\platform\junit-platform-commons\1.7.2\junit-platform-commons-1.7.2.jar;D:\java\1.8\jre\lib\charsets.jar;D:\java\1.8\jre\lib\deploy.jar;D:\java\1.8\jre\lib\ext\access-bridge-64.jar;D:\java\1.8\jre\lib\ext\cldrdata.jar;D:\java\1.8\jre\lib\ext\dnsns.jar;D:\java\1.8\jre\lib\ext\jaccess.jar;D:\java\1.8\jre\lib\ext\jfxrt.jar;D:\java\1.8\jre\lib\ext\localedata.jar;D:\java\1.8\jre\lib\ext\nashorn.jar;D:\java\1.8\jre\lib\ext\sunec.jar;D:\java\1.8\jre\lib\ext\sunjce_provider.jar;D:\java\1.8\jre\lib\ext\sunmscapi.jar;D:\java\1.8\jre\lib\ext\sunpkcs11.jar;D:\java\1.8\jre\lib\ext\zipfs.jar;D:\java\1.8\jre\lib\javaws.jar;D:\java\1.8\jre\lib\jce.jar;D:\java\1.8\jre\lib\jfr.jar;D:\java\1.8\jre\lib\jfxswt.jar;D:\java\1.8\jre\lib\jsse.jar;D:\java\1.8\jre\lib\management-agent.jar;D:\java\1.8\jre\lib\plugin.jar;D:\java\1.8\jre\lib\resources.jar;D:\java\1.8\jre\lib\rt.jar;D:\project\log4j2\springboot_log\target\test-classes;D:\project\log4j2\springboot_log\target\classes;D:\maven-repository\org\springframework\boot\spring-boot-starter-web\2.5.4\spring-boot-starter-web-2.5.4.jar;D:\maven-repository\org\springframework\boot\spring-boot-starter\2.5.4\spring-boot-starter-2.5.4.jar;D:\maven-repository\org\springframework\boot\spring-boot\2.5.4\spring-boot-2.5.4.jar;D:\maven-repository\org\springframework\boot\spring-boot-autoconfigure\2.5.4\spring-boot-autoconfigure-2.5.4.jar;D:\maven-r
Launcher Type: SUN_STANDARD

Environment Variables:
JAVA_HOME=D:\java\1.8
CLASSPATH=.;D:\java\1.8\lib
PATH=D:\oracle\bin;C:\Program Files (x86)\Common Files\Oracle\Java\javapath;D:\Program Files\xmanager\Xlpd 6\;D:\Program Files\xmanager\Xftp 6\;D:\Program Files\xshell\;C:\Windows\system32;C:\Windows;C:\Windows\System32\Wbem;C:\Windows\System32\WindowsPowerShell\v1.0\;C:\Windows\System32\OpenSSH\;C:\Program Files (x86)\Intel\Intel(R) Management Engine Components\DAL;C:\Program Files\Intel\Intel(R) Management Engine Components\DAL;D:\Program Files\go\bin;D:\Program Files\Navicat Premium 12\instantclient_12_2;C:\Program Files\Microsoft SQL Server\110\Tools\Binn\;C:\instantclient_11_2;D:\Program Files\mysql\active perl\bin;D:\Program Files\mysql\GnuWin32\bin;D:\mysql-5.7.29-winx64\bin;C:\Program Files\Microsoft SQL Server\120\DTS\Binn\;C:\Program Files\Microsoft SQL Server\Client SDK\ODBC\110\Tools\Binn\;C:\Program Files (x86)\Microsoft SQL Server\120\Tools\Binn\;C:\Program Files\Microsoft SQL Server\120\Tools\Binn\;C:\Program Files (x86)\Microsoft SQL Server\120\Tools\Binn\ManagementStudio\;C:\Program Files (x86)\Microsoft SQL Server\120\DTS\Binn\;D:\MinGW\bin;D:\Program Files\apache-maven-3.6.3\bin;D:\java\1.8\bin;D:\nodejs\;D:\nodejs\node_global;C:\Program Files\dotnet\;C:\Program Files\Microsoft SQL Server\130\Tools\Binn\;C:\Program Files\Microsoft SQL Server\Client SDK\ODBC\170\Tools\Binn\;D:\Program Files\svn\bin;D:\git\Git\cmd;D:\lang\py3.7\Scripts\;D:\lang\py3.7\;C:\Users\Administrator\AppData\Local\Microsoft\WindowsApps;C:\Users\Administrator\go\bin;"D:\java\1.8\bin;D:\java\1.8\jre\bin";;D:\Program Files\PyCharm 2019.1.1\bin;;D:\Program Files\IntelliJ IDEA 2018.3.2\bin;;D:\Program Files\Microsoft VS Code\bin;D:\Program Files\Fiddler;C:\Users\Administrator\AppData\Roaming\npm;C:\Users\Administrator\.dotnet\tools
USERNAME=Administrator
OS=Windows_NT
PROCESSOR_IDENTIFIER=Intel64 Family 6 Model 142 Stepping 11, GenuineIntel



---------------  S Y S T E M  ---------------

OS: Windows 10.0 , 64 bit Build 17763 (10.0.17763.292)

CPU:total 4 (initial active 4) (4 cores per cpu, 2 threads per core) family 6 model 142 stepping 11, cmov, cx8, fxsr, mmx, sse, sse2, sse3, ssse3, sse4.1, sse4.2, popcnt, avx, avx2, aes, clmul, erms, 3dnowpref, lzcnt, ht, tsc, tscinvbit, bmi1, bmi2, adx

Memory: 4k page, physical 8230164k(2333340k free), swap 10327316k(11840k free)

vm_info: Java HotSpot(TM) 64-Bit Server VM (25.251-b08) for windows-amd64 JRE (1.8.0_251-b08), built on Mar 12 2020 06:31:49 by "" with MS VC++ 10.0 (VS2010)

time: Tue Sep 14 15:29:28 2021
timezone: 中国标准时间
elapsed time: 12 seconds (0d 0h 0m 12s)

